<?xml version="1.0" encoding="UTF-8"?>
<testsuite xmlns:xsi="http://www.w3.org/2001/XMLSchema-instance" xsi:noNamespaceSchemaLocation="https://maven.apache.org/surefire/maven-surefire-plugin/xsd/surefire-test-report-3.0.xsd" version="3.0" name="TestSuite" time="158.801" tests="16" errors="0" skipped="0" failures="0">
  <properties>
    <property name="sun.desktop" value="windows"/>
    <property name="awt.toolkit" value="sun.awt.windows.WToolkit"/>
    <property name="java.specification.version" value="11"/>
    <property name="sun.cpu.isalist" value="amd64"/>
    <property name="sun.jnu.encoding" value="Cp1252"/>
    <property name="java.class.path" value="D:\IntelliJIDEA\ecom_otptest\target\test-classes;D:\IntelliJIDEA\ecom_otptest\target\classes;C:\Users\oliullah.sizan\.m2\repository\io\appium\java-client\7.5.1\java-client-7.5.1.jar;C:\Users\oliullah.sizan\.m2\repository\org\seleniumhq\selenium\selenium-java\3.141.59\selenium-java-3.141.59.jar;C:\Users\oliullah.sizan\.m2\repository\org\seleniumhq\selenium\selenium-chrome-driver\3.141.59\selenium-chrome-driver-3.141.59.jar;C:\Users\oliullah.sizan\.m2\repository\org\seleniumhq\selenium\selenium-edge-driver\3.141.59\selenium-edge-driver-3.141.59.jar;C:\Users\oliullah.sizan\.m2\repository\org\seleniumhq\selenium\selenium-firefox-driver\3.141.59\selenium-firefox-driver-3.141.59.jar;C:\Users\oliullah.sizan\.m2\repository\org\seleniumhq\selenium\selenium-ie-driver\3.141.59\selenium-ie-driver-3.141.59.jar;C:\Users\oliullah.sizan\.m2\repository\org\seleniumhq\selenium\selenium-opera-driver\3.141.59\selenium-opera-driver-3.141.59.jar;C:\Users\oliullah.sizan\.m2\repository\org\seleniumhq\selenium\selenium-remote-driver\3.141.59\selenium-remote-driver-3.141.59.jar;C:\Users\oliullah.sizan\.m2\repository\org\seleniumhq\selenium\selenium-safari-driver\3.141.59\selenium-safari-driver-3.141.59.jar;C:\Users\oliullah.sizan\.m2\repository\net\bytebuddy\byte-buddy\1.8.15\byte-buddy-1.8.15.jar;C:\Users\oliullah.sizan\.m2\repository\org\apache\commons\commons-exec\1.3\commons-exec-1.3.jar;C:\Users\oliullah.sizan\.m2\repository\com\google\guava\guava\25.0-jre\guava-25.0-jre.jar;C:\Users\oliullah.sizan\.m2\repository\com\google\code\findbugs\jsr305\1.3.9\jsr305-1.3.9.jar;C:\Users\oliullah.sizan\.m2\repository\org\checkerframework\checker-compat-qual\2.0.0\checker-compat-qual-2.0.0.jar;C:\Users\oliullah.sizan\.m2\repository\com\google\errorprone\error_prone_annotations\2.1.3\error_prone_annotations-2.1.3.jar;C:\Users\oliullah.sizan\.m2\repository\com\google\j2objc\j2objc-annotations\1.1\j2objc-annotations-1.1.jar;C:\Users\oliullah.sizan\.m2\repository\org\codehaus\mojo\animal-sniffer-annotations\1.14\animal-sniffer-annotations-1.14.jar;C:\Users\oliullah.sizan\.m2\repository\com\squareup\okhttp3\okhttp\3.11.0\okhttp-3.11.0.jar;C:\Users\oliullah.sizan\.m2\repository\com\squareup\okio\okio\1.14.0\okio-1.14.0.jar;C:\Users\oliullah.sizan\.m2\repository\org\seleniumhq\selenium\selenium-support\3.141.59\selenium-support-3.141.59.jar;C:\Users\oliullah.sizan\.m2\repository\org\seleniumhq\selenium\selenium-api\3.141.59\selenium-api-3.141.59.jar;C:\Users\oliullah.sizan\.m2\repository\com\google\code\gson\gson\2.8.6\gson-2.8.6.jar;C:\Users\oliullah.sizan\.m2\repository\org\apache\httpcomponents\httpclient\4.5.13\httpclient-4.5.13.jar;C:\Users\oliullah.sizan\.m2\repository\org\apache\httpcomponents\httpcore\4.4.13\httpcore-4.4.13.jar;C:\Users\oliullah.sizan\.m2\repository\commons-logging\commons-logging\1.2\commons-logging-1.2.jar;C:\Users\oliullah.sizan\.m2\repository\commons-codec\commons-codec\1.11\commons-codec-1.11.jar;C:\Users\oliullah.sizan\.m2\repository\cglib\cglib\3.3.0\cglib-3.3.0.jar;C:\Users\oliullah.sizan\.m2\repository\org\ow2\asm\asm\7.1\asm-7.1.jar;C:\Users\oliullah.sizan\.m2\repository\commons-validator\commons-validator\1.7\commons-validator-1.7.jar;C:\Users\oliullah.sizan\.m2\repository\commons-beanutils\commons-beanutils\1.9.4\commons-beanutils-1.9.4.jar;C:\Users\oliullah.sizan\.m2\repository\commons-digester\commons-digester\2.1\commons-digester-2.1.jar;C:\Users\oliullah.sizan\.m2\repository\commons-collections\commons-collections\3.2.2\commons-collections-3.2.2.jar;C:\Users\oliullah.sizan\.m2\repository\commons-io\commons-io\2.8.0\commons-io-2.8.0.jar;C:\Users\oliullah.sizan\.m2\repository\org\springframework\spring-context\5.3.4\spring-context-5.3.4.jar;C:\Users\oliullah.sizan\.m2\repository\org\springframework\spring-aop\5.3.4\spring-aop-5.3.4.jar;C:\Users\oliullah.sizan\.m2\repository\org\springframework\spring-beans\5.3.4\spring-beans-5.3.4.jar;C:\Users\oliullah.sizan\.m2\repository\org\springframework\spring-core\5.3.4\spring-core-5.3.4.jar;C:\Users\oliullah.sizan\.m2\repository\org\springframework\spring-jcl\5.3.4\spring-jcl-5.3.4.jar;C:\Users\oliullah.sizan\.m2\repository\org\springframework\spring-expression\5.3.4\spring-expression-5.3.4.jar;C:\Users\oliullah.sizan\.m2\repository\org\aspectj\aspectjweaver\1.9.6\aspectjweaver-1.9.6.jar;C:\Users\oliullah.sizan\.m2\repository\org\apache\commons\commons-lang3\3.12.0\commons-lang3-3.12.0.jar;C:\Users\oliullah.sizan\.m2\repository\org\glassfish\jersey\core\jersey-client\2.29\jersey-client-2.29.jar;C:\Users\oliullah.sizan\.m2\repository\jakarta\ws\rs\jakarta.ws.rs-api\2.1.5\jakarta.ws.rs-api-2.1.5.jar;C:\Users\oliullah.sizan\.m2\repository\org\glassfish\jersey\core\jersey-common\2.29\jersey-common-2.29.jar;C:\Users\oliullah.sizan\.m2\repository\jakarta\annotation\jakarta.annotation-api\1.3.4\jakarta.annotation-api-1.3.4.jar;C:\Users\oliullah.sizan\.m2\repository\org\glassfish\hk2\osgi-resource-locator\1.0.3\osgi-resource-locator-1.0.3.jar;C:\Users\oliullah.sizan\.m2\repository\com\sun\activation\jakarta.activation\1.2.1\jakarta.activation-1.2.1.jar;C:\Users\oliullah.sizan\.m2\repository\org\glassfish\hk2\external\jakarta.inject\2.5.0\jakarta.inject-2.5.0.jar;C:\Users\oliullah.sizan\.m2\repository\org\testng\testng\7.7.0\testng-7.7.0.jar;C:\Users\oliullah.sizan\.m2\repository\com\beust\jcommander\1.82\jcommander-1.82.jar;C:\Users\oliullah.sizan\.m2\repository\org\webjars\jquery\3.6.1\jquery-3.6.1.jar;C:\Users\oliullah.sizan\.m2\repository\org\slf4j\slf4j-api\2.0.6\slf4j-api-2.0.6.jar;"/>
    <property name="java.vm.vendor" value="Oracle Corporation"/>
    <property name="sun.arch.data.model" value="64"/>
    <property name="user.variant" value=""/>
    <property name="java.vendor.url" value="https://openjdk.java.net/"/>
    <property name="user.timezone" value="GMT+06:00"/>
    <property name="java.vm.specification.version" value="11"/>
    <property name="os.name" value="Windows 10"/>
    <property name="sun.java.launcher" value="SUN_STANDARD"/>
    <property name="user.country" value="US"/>
    <property name="sun.boot.library.path" value="C:\Program Files\Java\jdk-11.0.13\bin"/>
    <property name="sun.java.command" value="C:\Users\oliullah.sizan\AppData\Local\Temp\surefire10944353638035058991\surefirebooter13153130373848795151.jar C:\Users\oliullah.sizan\AppData\Local\Temp\surefire10944353638035058991 2023-02-24T09-27-05_340-jvmRun1 surefire18239754431173123037tmp surefire_07278714481883799472tmp"/>
    <property name="jdk.debug" value="release"/>
    <property name="surefire.test.class.path" value="D:\IntelliJIDEA\ecom_otptest\target\test-classes;D:\IntelliJIDEA\ecom_otptest\target\classes;C:\Users\oliullah.sizan\.m2\repository\io\appium\java-client\7.5.1\java-client-7.5.1.jar;C:\Users\oliullah.sizan\.m2\repository\org\seleniumhq\selenium\selenium-java\3.141.59\selenium-java-3.141.59.jar;C:\Users\oliullah.sizan\.m2\repository\org\seleniumhq\selenium\selenium-chrome-driver\3.141.59\selenium-chrome-driver-3.141.59.jar;C:\Users\oliullah.sizan\.m2\repository\org\seleniumhq\selenium\selenium-edge-driver\3.141.59\selenium-edge-driver-3.141.59.jar;C:\Users\oliullah.sizan\.m2\repository\org\seleniumhq\selenium\selenium-firefox-driver\3.141.59\selenium-firefox-driver-3.141.59.jar;C:\Users\oliullah.sizan\.m2\repository\org\seleniumhq\selenium\selenium-ie-driver\3.141.59\selenium-ie-driver-3.141.59.jar;C:\Users\oliullah.sizan\.m2\repository\org\seleniumhq\selenium\selenium-opera-driver\3.141.59\selenium-opera-driver-3.141.59.jar;C:\Users\oliullah.sizan\.m2\repository\org\seleniumhq\selenium\selenium-remote-driver\3.141.59\selenium-remote-driver-3.141.59.jar;C:\Users\oliullah.sizan\.m2\repository\org\seleniumhq\selenium\selenium-safari-driver\3.141.59\selenium-safari-driver-3.141.59.jar;C:\Users\oliullah.sizan\.m2\repository\net\bytebuddy\byte-buddy\1.8.15\byte-buddy-1.8.15.jar;C:\Users\oliullah.sizan\.m2\repository\org\apache\commons\commons-exec\1.3\commons-exec-1.3.jar;C:\Users\oliullah.sizan\.m2\repository\com\google\guava\guava\25.0-jre\guava-25.0-jre.jar;C:\Users\oliullah.sizan\.m2\repository\com\google\code\findbugs\jsr305\1.3.9\jsr305-1.3.9.jar;C:\Users\oliullah.sizan\.m2\repository\org\checkerframework\checker-compat-qual\2.0.0\checker-compat-qual-2.0.0.jar;C:\Users\oliullah.sizan\.m2\repository\com\google\errorprone\error_prone_annotations\2.1.3\error_prone_annotations-2.1.3.jar;C:\Users\oliullah.sizan\.m2\repository\com\google\j2objc\j2objc-annotations\1.1\j2objc-annotations-1.1.jar;C:\Users\oliullah.sizan\.m2\repository\org\codehaus\mojo\animal-sniffer-annotations\1.14\animal-sniffer-annotations-1.14.jar;C:\Users\oliullah.sizan\.m2\repository\com\squareup\okhttp3\okhttp\3.11.0\okhttp-3.11.0.jar;C:\Users\oliullah.sizan\.m2\repository\com\squareup\okio\okio\1.14.0\okio-1.14.0.jar;C:\Users\oliullah.sizan\.m2\repository\org\seleniumhq\selenium\selenium-support\3.141.59\selenium-support-3.141.59.jar;C:\Users\oliullah.sizan\.m2\repository\org\seleniumhq\selenium\selenium-api\3.141.59\selenium-api-3.141.59.jar;C:\Users\oliullah.sizan\.m2\repository\com\google\code\gson\gson\2.8.6\gson-2.8.6.jar;C:\Users\oliullah.sizan\.m2\repository\org\apache\httpcomponents\httpclient\4.5.13\httpclient-4.5.13.jar;C:\Users\oliullah.sizan\.m2\repository\org\apache\httpcomponents\httpcore\4.4.13\httpcore-4.4.13.jar;C:\Users\oliullah.sizan\.m2\repository\commons-logging\commons-logging\1.2\commons-logging-1.2.jar;C:\Users\oliullah.sizan\.m2\repository\commons-codec\commons-codec\1.11\commons-codec-1.11.jar;C:\Users\oliullah.sizan\.m2\repository\cglib\cglib\3.3.0\cglib-3.3.0.jar;C:\Users\oliullah.sizan\.m2\repository\org\ow2\asm\asm\7.1\asm-7.1.jar;C:\Users\oliullah.sizan\.m2\repository\commons-validator\commons-validator\1.7\commons-validator-1.7.jar;C:\Users\oliullah.sizan\.m2\repository\commons-beanutils\commons-beanutils\1.9.4\commons-beanutils-1.9.4.jar;C:\Users\oliullah.sizan\.m2\repository\commons-digester\commons-digester\2.1\commons-digester-2.1.jar;C:\Users\oliullah.sizan\.m2\repository\commons-collections\commons-collections\3.2.2\commons-collections-3.2.2.jar;C:\Users\oliullah.sizan\.m2\repository\commons-io\commons-io\2.8.0\commons-io-2.8.0.jar;C:\Users\oliullah.sizan\.m2\repository\org\springframework\spring-context\5.3.4\spring-context-5.3.4.jar;C:\Users\oliullah.sizan\.m2\repository\org\springframework\spring-aop\5.3.4\spring-aop-5.3.4.jar;C:\Users\oliullah.sizan\.m2\repository\org\springframework\spring-beans\5.3.4\spring-beans-5.3.4.jar;C:\Users\oliullah.sizan\.m2\repository\org\springframework\spring-core\5.3.4\spring-core-5.3.4.jar;C:\Users\oliullah.sizan\.m2\repository\org\springframework\spring-jcl\5.3.4\spring-jcl-5.3.4.jar;C:\Users\oliullah.sizan\.m2\repository\org\springframework\spring-expression\5.3.4\spring-expression-5.3.4.jar;C:\Users\oliullah.sizan\.m2\repository\org\aspectj\aspectjweaver\1.9.6\aspectjweaver-1.9.6.jar;C:\Users\oliullah.sizan\.m2\repository\org\apache\commons\commons-lang3\3.12.0\commons-lang3-3.12.0.jar;C:\Users\oliullah.sizan\.m2\repository\org\glassfish\jersey\core\jersey-client\2.29\jersey-client-2.29.jar;C:\Users\oliullah.sizan\.m2\repository\jakarta\ws\rs\jakarta.ws.rs-api\2.1.5\jakarta.ws.rs-api-2.1.5.jar;C:\Users\oliullah.sizan\.m2\repository\org\glassfish\jersey\core\jersey-common\2.29\jersey-common-2.29.jar;C:\Users\oliullah.sizan\.m2\repository\jakarta\annotation\jakarta.annotation-api\1.3.4\jakarta.annotation-api-1.3.4.jar;C:\Users\oliullah.sizan\.m2\repository\org\glassfish\hk2\osgi-resource-locator\1.0.3\osgi-resource-locator-1.0.3.jar;C:\Users\oliullah.sizan\.m2\repository\com\sun\activation\jakarta.activation\1.2.1\jakarta.activation-1.2.1.jar;C:\Users\oliullah.sizan\.m2\repository\org\glassfish\hk2\external\jakarta.inject\2.5.0\jakarta.inject-2.5.0.jar;C:\Users\oliullah.sizan\.m2\repository\org\testng\testng\7.7.0\testng-7.7.0.jar;C:\Users\oliullah.sizan\.m2\repository\com\beust\jcommander\1.82\jcommander-1.82.jar;C:\Users\oliullah.sizan\.m2\repository\org\webjars\jquery\3.6.1\jquery-3.6.1.jar;C:\Users\oliullah.sizan\.m2\repository\org\slf4j\slf4j-api\2.0.6\slf4j-api-2.0.6.jar;"/>
    <property name="sun.cpu.endian" value="little"/>
    <property name="user.home" value="C:\Users\oliullah.sizan"/>
    <property name="user.language" value="en"/>
    <property name="java.specification.vendor" value="Oracle Corporation"/>
    <property name="java.version.date" value="2021-10-19"/>
    <property name="java.home" value="C:\Program Files\Java\jdk-11.0.13"/>
    <property name="file.separator" value="\"/>
    <property name="basedir" value="D:\IntelliJIDEA\ecom_otptest"/>
    <property name="java.vm.compressedOopsMode" value="32-bit"/>
    <property name="line.separator" value="&#10;"/>
    <property name="java.specification.name" value="Java Platform API Specification"/>
    <property name="java.vm.specification.vendor" value="Oracle Corporation"/>
    <property name="java.awt.graphicsenv" value="sun.awt.Win32GraphicsEnvironment"/>
    <property name="surefire.real.class.path" value="C:\Users\oliullah.sizan\AppData\Local\Temp\surefire10944353638035058991\surefirebooter13153130373848795151.jar"/>
    <property name="user.script" value=""/>
    <property name="sun.management.compiler" value="HotSpot 64-Bit Tiered Compilers"/>
    <property name="java.runtime.version" value="11.0.13+10-LTS-370"/>
    <property name="user.name" value="oliullah.sizan"/>
    <property name="path.separator" value=";"/>
    <property name="os.version" value="10.0"/>
    <property name="java.runtime.name" value="Java(TM) SE Runtime Environment"/>
    <property name="file.encoding" value="Cp1252"/>
    <property name="java.vm.name" value="Java HotSpot(TM) 64-Bit Server VM"/>
    <property name="java.vendor.version" value="18.9"/>
    <property name="localRepository" value="C:\Users\oliullah.sizan\.m2\repository"/>
    <property name="java.vendor.url.bug" value="https://bugreport.java.com/bugreport/"/>
    <property name="java.io.tmpdir" value="C:\Users\OLIULL~1.SIZ\AppData\Local\Temp\"/>
    <property name="java.version" value="11.0.13"/>
    <property name="user.dir" value="D:\IntelliJIDEA\ecom_otptest"/>
    <property name="os.arch" value="amd64"/>
    <property name="java.vm.specification.name" value="Java Virtual Machine Specification"/>
    <property name="java.awt.printerjob" value="sun.awt.windows.WPrinterJob"/>
    <property name="sun.os.patch.level" value=""/>
    <property name="java.library.path" value="C:\Program Files\Java\jdk-11.0.13\bin;C:\Windows\Sun\Java\bin;C:\Windows\system32;C:\Windows;C:\Program Files\Common Files\Oracle\Java\javapath;C:\Windows\system32;C:\Windows;C:\Windows\System32\Wbem;C:\Windows\System32\WindowsPowerShell\v1.0\;C:\Windows\System32\OpenSSH\;C:\Program Files\nodejs\;C:\Users\oliullah.sizan\Downloads\Software\commandlinetools-win-8512546_latest\platform-tools;C:\Program Files\Java\jdk-11.0.13\bin;D:\IntelliJIDEA\apache-maven-3.8.7\bin;C:\Program Files (x86)\NetSarang\Xshell 7\;C:\Program Files (x86)\NetSarang\Xftp 7\;C:\Python\Python310\Scripts\;C:\Python\Python310\;C:\Users\oliullah.sizan\AppData\Local\Microsoft\WindowsApps;C:\Users\oliullah.sizan\AppData\Roaming\npm;C:\Users\oliullah.sizan\AppData\Local\Programs\Git\cmd;."/>
    <property name="java.vendor" value="Oracle Corporation"/>
    <property name="java.vm.info" value="mixed mode"/>
    <property name="java.vm.version" value="11.0.13+10-LTS-370"/>
    <property name="sun.io.unicode.encoding" value="UnicodeLittle"/>
    <property name="java.class.version" value="55.0"/>
  </properties>
  <testcase name="ecomgp" classname="ecom_MyGp" time="21.822">
    <system-out><![CDATA[Clicked Pay Bill button.
]]></system-out>
    <system-err><![CDATA[SLF4J: No SLF4J providers were found.
SLF4J: Defaulting to no-operation (NOP) logger implementation
SLF4J: See https://www.slf4j.org/codes.html#noProviders for further details.
Feb 24, 2023 9:27:21 AM io.appium.java_client.remote.AppiumCommandExecutor$1 lambda$0
INFO: Detected dialect: W3C
]]></system-err>
  </testcase>
  <testcase name="clickContinuegp" classname="ecom_MyGp" time="13.429">
    <system-out><![CDATA[Clicked continue button.
]]></system-out>
  </testcase>
  <testcase name="clickNagadgp" classname="ecom_MyGp" time="2.385">
    <system-out><![CDATA[Clicked Nagad button.
]]></system-out>
  </testcase>
  <testcase name="clickContinueNagadgp" classname="ecom_MyGp" time="2.439">
    <system-out><![CDATA[Clicked continue button.
]]></system-out>
  </testcase>
  <testcase name="enterNumbergp" classname="ecom_MyGp" time="15.218">
    <system-out><![CDATA[Input nagad wallet number.
]]></system-out>
  </testcase>
  <testcase name="clickProceedgp" classname="ecom_MyGp" time="3.799">
    <system-out><![CDATA[No notifications to clear, going back
Click proceed and Waiting for OTP.
]]></system-out>
  </testcase>
  <testcase name="checkForOtpNotification" classname="ecom_MyGp" time="11.107">
    <system-out><![CDATA[E-Com OTP Response Time from MyGP : 4 Seconds
Clicked notification clear button
GP completed, starting Robi
]]></system-out>
  </testcase>
  <testcase name="ecomrobi" classname="ecom_MyRobi" time="5.007">
    <system-out><![CDATA[Clicked Recharge section.
]]></system-out>
    <system-err><![CDATA[Feb 24, 2023 9:28:45 AM io.appium.java_client.remote.AppiumCommandExecutor$1 lambda$0
INFO: Detected dialect: W3C
]]></system-err>
  </testcase>
  <testcase name="clickRecharge" classname="ecom_MyRobi" time="7.835">
    <system-out><![CDATA[Number input
Amount input
]]></system-out>
  </testcase>
  <testcase name="makePaymentrb" classname="ecom_MyRobi" time="2.374">
    <system-out><![CDATA[Click Make payment button
]]></system-out>
  </testcase>
  <testcase name="selectNagadrb" classname="ecom_MyRobi" time="2.536">
    <system-out><![CDATA[Click on Nagad payment
]]></system-out>
  </testcase>
  <testcase name="clickRechargeButtonrb" classname="ecom_MyRobi" time="2.405">
    <system-out><![CDATA[Click Recharge button
]]></system-out>
  </testcase>
  <testcase name="clickPayNowrb" classname="ecom_MyRobi" time="11.587">
    <system-out><![CDATA[Click Pay Now button
]]></system-out>
  </testcase>
  <testcase name="enterNumberrb" classname="ecom_MyRobi" time="12.326">
    <system-out><![CDATA[Input nagad wallet number.
]]></system-out>
  </testcase>
  <testcase name="clickProceedrb" classname="ecom_MyRobi" time="3.778">
    <system-out><![CDATA[No notifications to clear, going back
Click proceed and Waiting for OTP.
]]></system-out>
  </testcase>
  <testcase name="checkForOtpNotification" classname="ecom_MyRobi" time="11.762">
    <system-out><![CDATA[E-Com OTP Response Time from MyRobi : 5 Seconds
200
{"ok":true,"result":{"message_id":29583,"from":{"id":5345524211,"is_bot":true,"first_name":"Live Service Check","username":"live_service_check_bot"},"chat":{"id":-719053378,"title":"Live Service Check Automation","type":"group","all_members_are_administrators":true},"date":1677209379,"text":"E-Com OTP Response Time from MyRobi : 5 Seconds"}}
Clicked notification clear button
ROBI completed.
]]></system-out>
  </testcase>
</testsuite>