<?xml version="1.0" encoding="UTF-8"?>
<!-- Generated by org.testng.reporters.JUnitReportReporter -->
<testsuite hostname="220730-Oliullah" failures="0" tests="9" name="ecom_MyRobi" time="59.594" errors="0" timestamp="2023-02-24T09:29:45 GMT+06:00" skipped="0">
  <testcase classname="ecom_MyRobi" name="checkForOtpNotification" time="11.756"/>
  <system-out/>
  <testcase classname="ecom_MyRobi" name="selectNagadrb" time="2.536"/>
  <system-out/>
  <testcase classname="ecom_MyRobi" name="enterNumberrb" time="12.330"/>
  <system-out/>
  <testcase classname="ecom_MyRobi" name="clickRecharge" time="7.835"/>
  <system-out/>
  <testcase classname="ecom_MyRobi" name="clickPayNowrb" time="11.585"/>
  <system-out/>
  <testcase classname="ecom_MyRobi" name="clickRechargeButtonrb" time="2.394"/>
  <system-out/>
  <testcase classname="ecom_MyRobi" name="clickProceedrb" time="3.775"/>
  <system-out/>
  <testcase classname="ecom_MyRobi" name="makePaymentrb" time="2.373"/>
  <system-out/>
  <testcase classname="ecom_MyRobi" name="ecomrobi" time="5.010"/>
  <system-out/>
</testsuite> <!-- ecom_MyRobi -->
