<?xml version="1.0" encoding="UTF-8"?>
<!-- Generated by org.testng.reporters.JUnitReportReporter -->
<testsuite hostname="220730-Oliullah" failures="0" tests="7" name="ecom_MyGp" time="70.198" errors="0" timestamp="2023-02-24T09:29:45 GMT+06:00" skipped="0">
  <testcase classname="ecom_MyGp" name="enterNumbergp" time="15.215"/>
  <system-out/>
  <testcase classname="ecom_MyGp" name="clickNagadgp" time="2.384"/>
  <system-out/>
  <testcase classname="ecom_MyGp" name="ecomgp" time="21.790"/>
  <system-out/>
  <testcase classname="ecom_MyGp" name="clickContinuegp" time="13.469"/>
  <system-out/>
  <testcase classname="ecom_MyGp" name="checkForOtpNotification" time="11.105"/>
  <system-out/>
  <testcase classname="ecom_MyGp" name="clickProceedgp" time="3.798"/>
  <system-out/>
  <testcase classname="ecom_MyGp" name="clickContinueNagadgp" time="2.437"/>
  <system-out/>
</testsuite> <!-- ecom_MyGp -->
